# JRE version: OpenJDK Runtime Environment (8.0_242-b01) (build 1.8.0_242-release-1644-b01)
# Java VM: OpenJDK 64-Bit Server VM (25.242-b01 mixed mode windows-amd64 compressed oops)
Heap:
 PSYoungGen      total 271872K, used 14585K [0x00000000d5580000, 0x00000000e9c00000, 0x0000000100000000)
  eden space 250880K, 5% used [0x00000000d5580000,0x00000000d63be480,0x00000000e4a80000)
  from space 20992K, 0% used [0x00000000e5f00000,0x00000000e5f00000,0x00000000e7380000)
  to   space 20992K, 0% used [0x00000000e4a80000,0x00000000e4a80000,0x00000000e5f00000)
 ParOldGen       total 92160K, used 29445K [0x0000000080000000, 0x0000000085a00000, 0x00000000d5580000)
  object space 92160K, 31% used [0x0000000080000000,0x0000000081cc1460,0x0000000085a00000)
 Metaspace       used 57157K, capacity 59598K, committed 59928K, reserved 1101824K
  class space    used 7879K, capacity 8380K, committed 8496K, reserved 1048576K
GC Heap History (10 events):
Event: 6.811 GC heap before
{Heap before GC invocations=11 (full 2):
 PSYoungGen      total 140288K, used 11261K [0x00000000d5580000, 0x00000000e2f80000, 0x0000000100000000)
  eden space 129024K, 0% used [0x00000000d5580000,0x00000000d5580000,0x00000000dd380000)
  from space 11264K, 99% used [0x00000000dd380000,0x00000000dde7f470,0x00000000dde80000)
  to   space 12800K, 0% used [0x00000000e2300000,0x00000000e2300000,0x00000000e2f80000)
 ParOldGen       total 46080K, used 6674K [0x0000000080000000, 0x0000000082d00000, 0x00000000d5580000)
  object space 46080K, 14% used [0x0000000080000000,0x0000000080684a10,0x0000000082d00000)
 Metaspace       used 34294K, capacity 35426K, committed 35496K, reserved 1079296K
  class space    used 4726K, capacity 5006K, committed 5040K, reserved 1048576K
Event: 6.914 GC heap after
Heap after GC invocations=11 (full 2):
 PSYoungGen      total 140288K, used 0K [0x00000000d5580000, 0x00000000e2f80000, 0x0000000100000000)
  eden space 129024K, 0% used [0x00000000d5580000,0x00000000d5580000,0x00000000dd380000)
  from space 11264K, 0% used [0x00000000dd380000,0x00000000dd380000,0x00000000dde80000)
  to   space 12800K, 0% used [0x00000000e2300000,0x00000000e2300000,0x00000000e2f80000)
 ParOldGen       total 66560K, used 17421K [0x0000000080000000, 0x0000000084100000, 0x00000000d5580000)
  object space 66560K, 26% used [0x0000000080000000,0x00000000811036e8,0x0000000084100000)
 Metaspace       used 34294K, capacity 35426K, committed 35496K, reserved 1079296K
  class space    used 4726K, capacity 5006K, committed 5040K, reserved 1048576K
}
Event: 8.074 GC heap before
{Heap before GC invocations=12 (full 2):
 PSYoungGen      total 140288K, used 129024K [0x00000000d5580000, 0x00000000e2f80000, 0x0000000100000000)
  eden space 129024K, 100% used [0x00000000d5580000,0x00000000dd380000,0x00000000dd380000)
  from space 11264K, 0% used [0x00000000dd380000,0x00000000dd380000,0x00000000dde80000)
  to   space 12800K, 0% used [0x00000000e2300000,0x00000000e2300000,0x00000000e2f80000)
 ParOldGen       total 66560K, used 17421K [0x0000000080000000, 0x0000000084100000, 0x00000000d5580000)
  object space 66560K, 26% used [0x0000000080000000,0x00000000811036e8,0x0000000084100000)
 Metaspace       used 39599K, capacity 41518K, committed 41768K, reserved 1085440K
  class space    used 5477K, capacity 5863K, committed 5936K, reserved 1048576K
Event: 8.086 GC heap after
Heap after GC invocations=12 (full 2):
 PSYoungGen      total 192512K, used 10157K [0x00000000d5580000, 0x00000000e2d00000, 0x0000000100000000)
  eden space 182272K, 0% used [0x00000000d5580000,0x00000000d5580000,0x00000000e0780000)
  from space 10240K, 99% used [0x00000000e2300000,0x00000000e2ceb6c0,0x00000000e2d00000)
  to   space 13312K, 0% used [0x00000000e1300000,0x00000000e1300000,0x00000000e2000000)
 ParOldGen       total 66560K, used 17429K [0x0000000080000000, 0x0000000084100000, 0x00000000d5580000)
  object space 66560K, 26% used [0x0000000080000000,0x00000000811056e8,0x0000000084100000)
 Metaspace       used 39599K, capacity 41518K, committed 41768K, reserved 1085440K
  class space    used 5477K, capacity 5863K, committed 5936K, reserved 1048576K
}
Event: 11.045 GC heap before
{Heap before GC invocations=13 (full 2):
 PSYoungGen      total 192512K, used 192429K [0x00000000d5580000, 0x00000000e2d00000, 0x0000000100000000)
  eden space 182272K, 100% used [0x00000000d5580000,0x00000000e0780000,0x00000000e0780000)
  from space 10240K, 99% used [0x00000000e2300000,0x00000000e2ceb6c0,0x00000000e2d00000)
  to   space 13312K, 0% used [0x00000000e1300000,0x00000000e1300000,0x00000000e2000000)
 ParOldGen       total 66560K, used 17429K [0x0000000080000000, 0x0000000084100000, 0x00000000d5580000)
  object space 66560K, 26% used [0x0000000080000000,0x00000000811056e8,0x0000000084100000)
 Metaspace       used 56523K, capacity 58942K, committed 59160K, reserved 1099776K
  class space    used 7749K, capacity 8220K, committed 8240K, reserved 1048576K
Event: 11.070 GC heap after
Heap after GC invocations=13 (full 2):
 PSYoungGen      total 207360K, used 13305K [0x00000000d5580000, 0x00000000e7380000, 0x0000000100000000)
  eden space 194048K, 0% used [0x00000000d5580000,0x00000000d5580000,0x00000000e1300000)
  from space 13312K, 99% used [0x00000000e1300000,0x00000000e1ffe718,0x00000000e2000000)
  to   space 20992K, 0% used [0x00000000e5f00000,0x00000000e5f00000,0x00000000e7380000)
 ParOldGen       total 66560K, used 32683K [0x0000000080000000, 0x0000000084100000, 0x00000000d5580000)
  object space 66560K, 49% used [0x0000000080000000,0x0000000081feae68,0x0000000084100000)
 Metaspace       used 56523K, capacity 58942K, committed 59160K, reserved 1099776K
  class space    used 7749K, capacity 8220K, committed 8240K, reserved 1048576K
}
Event: 11.082 GC heap before
{Heap before GC invocations=14 (full 2):
 PSYoungGen      total 207360K, used 16785K [0x00000000d5580000, 0x00000000e7380000, 0x0000000100000000)
  eden space 194048K, 1% used [0x00000000d5580000,0x00000000d58e5e30,0x00000000e1300000)
  from space 13312K, 99% used [0x00000000e1300000,0x00000000e1ffe718,0x00000000e2000000)
  to   space 20992K, 0% used [0x00000000e5f00000,0x00000000e5f00000,0x00000000e7380000)
 ParOldGen       total 66560K, used 32683K [0x0000000080000000, 0x0000000084100000, 0x00000000d5580000)
  object space 66560K, 49% used [0x0000000080000000,0x0000000081feae68,0x0000000084100000)
 Metaspace       used 56575K, capacity 59006K, committed 59160K, reserved 1099776K
  class space    used 7757K, capacity 8220K, committed 8240K, reserved 1048576K
Event: 11.093 GC heap after
Heap after GC invocations=14 (full 2):
 PSYoungGen      total 271872K, used 256K [0x00000000d5580000, 0x00000000e9c00000, 0x0000000100000000)
  eden space 250880K, 0% used [0x00000000d5580000,0x00000000d5580000,0x00000000e4a80000)
  from space 20992K, 1% used [0x00000000e5f00000,0x00000000e5f40000,0x00000000e7380000)
  to   space 20992K, 0% used [0x00000000e4a80000,0x00000000e4a80000,0x00000000e5f00000)
 ParOldGen       total 66560K, used 44311K [0x0000000080000000, 0x0000000084100000, 0x00000000d5580000)
  object space 66560K, 66% used [0x0000000080000000,0x0000000082b45dd8,0x0000000084100000)
 Metaspace       used 56575K, capacity 59006K, committed 59160K, reserved 1099776K
  class space    used 7757K, capacity 8220K, committed 8240K, reserved 1048576K
}
Event: 11.093 GC heap before
{Heap before GC invocations=15 (full 3):
 PSYoungGen      total 271872K, used 256K [0x00000000d5580000, 0x00000000e9c00000, 0x0000000100000000)
  eden space 250880K, 0% used [0x00000000d5580000,0x00000000d5580000,0x00000000e4a80000)
  from space 20992K, 1% used [0x00000000e5f00000,0x00000000e5f40000,0x00000000e7380000)
  to   space 20992K, 0% used [0x00000000e4a80000,0x00000000e4a80000,0x00000000e5f00000)
 ParOldGen       total 66560K, used 44311K [0x0000000080000000, 0x0000000084100000, 0x00000000d5580000)
  object space 66560K, 66% used [0x0000000080000000,0x0000000082b45dd8,0x0000000084100000)
 Metaspace       used 56575K, capacity 59006K, committed 59160K, reserved 1099776K
  class space    used 7757K, capacity 8220K, committed 8240K, reserved 1048576K
Event: 11.327 GC heap after
Heap after GC invocations=15 (full 3):
 PSYoungGen      total 271872K, used 0K [0x00000000d5580000, 0x00000000e9c00000, 0x0000000100000000)
  eden space 250880K, 0% used [0x00000000d5580000,0x00000000d5580000,0x00000000e4a80000)
  from space 20992K, 0% used [0x00000000e5f00000,0x00000000e5f00000,0x00000000e7380000)
  to   space 20992K, 0% used [0x00000000e4a80000,0x00000000e4a80000,0x00000000e5f00000)
 ParOldGen       total 92160K, used 29445K [0x0000000080000000, 0x0000000085a00000, 0x00000000d5580000)
  object space 92160K, 31% used [0x0000000080000000,0x0000000081cc1460,0x0000000085a00000)
 Metaspace       used 56531K, capacity 58856K, committed 59160K, reserved 1099776K
  class space    used 7743K, capacity 8195K, committed 8240K, reserved 1048576K
}

