# JRE version: OpenJDK Runtime Environment (8.0_242-b01) (build 1.8.0_242-release-1644-b01)
# Java VM: OpenJDK 64-Bit Server VM (25.242-b01 mixed mode windows-amd64 compressed oops)
Heap:
 PSYoungGen      total 188928K, used 71085K [0x00000000d5580000, 0x00000000e2700000, 0x0000000100000000)
  eden space 178688K, 34% used [0x00000000d5580000,0x00000000d9120458,0x00000000e0400000)
  from space 10240K, 97% used [0x00000000e1d00000,0x00000000e26cb0c8,0x00000000e2700000)
  to   space 13312K, 0% used [0x00000000e0d00000,0x00000000e0d00000,0x00000000e1a00000)
 ParOldGen       total 69120K, used 17420K [0x0000000080000000, 0x0000000084380000, 0x00000000d5580000)
  object space 69120K, 25% used [0x0000000080000000,0x0000000081103300,0x0000000084380000)
 Metaspace       used 45752K, capacity 47558K, committed 47784K, reserved 1091584K
  class space    used 6201K, capacity 6563K, committed 6568K, reserved 1048576K
GC Heap History (10 events):
Event: 2.140 GC heap before
{Heap before GC invocations=8 (full 1):
 PSYoungGen      total 76800K, used 3716K [0x00000000d5580000, 0x00000000deb80000, 0x0000000100000000)
  eden space 66048K, 0% used [0x00000000d5580000,0x00000000d5580000,0x00000000d9600000)
  from space 10752K, 34% used [0x00000000d9600000,0x00000000d99a1050,0x00000000da080000)
  to   space 10752K, 0% used [0x00000000de100000,0x00000000de100000,0x00000000deb80000)
 ParOldGen       total 87552K, used 9100K [0x0000000080000000, 0x0000000085580000, 0x00000000d5580000)
  object space 87552K, 10% used [0x0000000080000000,0x00000000808e33a0,0x0000000085580000)
 Metaspace       used 20561K, capacity 21236K, committed 21296K, reserved 1067008K
  class space    used 2876K, capacity 3080K, committed 3120K, reserved 1048576K
Event: 2.166 GC heap after
Heap after GC invocations=8 (full 1):
 PSYoungGen      total 76800K, used 0K [0x00000000d5580000, 0x00000000deb80000, 0x0000000100000000)
  eden space 66048K, 0% used [0x00000000d5580000,0x00000000d5580000,0x00000000d9600000)
  from space 10752K, 0% used [0x00000000d9600000,0x00000000d9600000,0x00000000da080000)
  to   space 10752K, 0% used [0x00000000de100000,0x00000000de100000,0x00000000deb80000)
 ParOldGen       total 47104K, used 6651K [0x0000000080000000, 0x0000000082e00000, 0x00000000d5580000)
  object space 47104K, 14% used [0x0000000080000000,0x000000008067eda8,0x0000000082e00000)
 Metaspace       used 20561K, capacity 21236K, committed 21296K, reserved 1067008K
  class space    used 2876K, capacity 3080K, committed 3120K, reserved 1048576K
}
Event: 2.641 GC heap before
{Heap before GC invocations=9 (full 1):
 PSYoungGen      total 76800K, used 66048K [0x00000000d5580000, 0x00000000deb80000, 0x0000000100000000)
  eden space 66048K, 100% used [0x00000000d5580000,0x00000000d9600000,0x00000000d9600000)
  from space 10752K, 0% used [0x00000000d9600000,0x00000000d9600000,0x00000000da080000)
  to   space 10752K, 0% used [0x00000000de100000,0x00000000de100000,0x00000000deb80000)
 ParOldGen       total 47104K, used 6651K [0x0000000080000000, 0x0000000082e00000, 0x00000000d5580000)
  object space 47104K, 14% used [0x0000000080000000,0x000000008067eda8,0x0000000082e00000)
 Metaspace       used 28565K, capacity 29456K, committed 29616K, reserved 1075200K
  class space    used 3956K, capacity 4192K, committed 4272K, reserved 1048576K
Event: 2.647 GC heap after
Heap after GC invocations=9 (full 1):
 PSYoungGen      total 134144K, used 8320K [0x00000000d5580000, 0x00000000de980000, 0x0000000100000000)
  eden space 125440K, 0% used [0x00000000d5580000,0x00000000d5580000,0x00000000dd000000)
  from space 8704K, 95% used [0x00000000de100000,0x00000000de920278,0x00000000de980000)
  to   space 11264K, 0% used [0x00000000dd380000,0x00000000dd380000,0x00000000dde80000)
 ParOldGen       total 47104K, used 6659K [0x0000000080000000, 0x0000000082e00000, 0x00000000d5580000)
  object space 47104K, 14% used [0x0000000080000000,0x0000000080680da8,0x0000000082e00000)
 Metaspace       used 28565K, capacity 29456K, committed 29616K, reserved 1075200K
  class space    used 3956K, capacity 4192K, committed 4272K, reserved 1048576K
}
Event: 3.284 GC heap before
{Heap before GC invocations=10 (full 1):
 PSYoungGen      total 134144K, used 105168K [0x00000000d5580000, 0x00000000de980000, 0x0000000100000000)
  eden space 125440K, 77% used [0x00000000d5580000,0x00000000db413f38,0x00000000dd000000)
  from space 8704K, 95% used [0x00000000de100000,0x00000000de920278,0x00000000de980000)
  to   space 11264K, 0% used [0x00000000dd380000,0x00000000dd380000,0x00000000dde80000)
 ParOldGen       total 47104K, used 6659K [0x0000000080000000, 0x0000000082e00000, 0x00000000d5580000)
  object space 47104K, 14% used [0x0000000080000000,0x0000000080680da8,0x0000000082e00000)
 Metaspace       used 34275K, capacity 35426K, committed 35496K, reserved 1079296K
  class space    used 4720K, capacity 5006K, committed 5032K, reserved 1048576K
Event: 3.296 GC heap after
Heap after GC invocations=10 (full 1):
 PSYoungGen      total 140288K, used 11226K [0x00000000d5580000, 0x00000000e2980000, 0x0000000100000000)
  eden space 129024K, 0% used [0x00000000d5580000,0x00000000d5580000,0x00000000dd380000)
  from space 11264K, 99% used [0x00000000dd380000,0x00000000dde76ab8,0x00000000dde80000)
  to   space 12800K, 0% used [0x00000000e1d00000,0x00000000e1d00000,0x00000000e2980000)
 ParOldGen       total 47104K, used 6667K [0x0000000080000000, 0x0000000082e00000, 0x00000000d5580000)
  object space 47104K, 14% used [0x0000000080000000,0x0000000080682da8,0x0000000082e00000)
 Metaspace       used 34275K, capacity 35426K, committed 35496K, reserved 1079296K
  class space    used 4720K, capacity 5006K, committed 5032K, reserved 1048576K
}
Event: 3.296 GC heap before
{Heap before GC invocations=11 (full 2):
 PSYoungGen      total 140288K, used 11226K [0x00000000d5580000, 0x00000000e2980000, 0x0000000100000000)
  eden space 129024K, 0% used [0x00000000d5580000,0x00000000d5580000,0x00000000dd380000)
  from space 11264K, 99% used [0x00000000dd380000,0x00000000dde76ab8,0x00000000dde80000)
  to   space 12800K, 0% used [0x00000000e1d00000,0x00000000e1d00000,0x00000000e2980000)
 ParOldGen       total 47104K, used 6667K [0x0000000080000000, 0x0000000082e00000, 0x00000000d5580000)
  object space 47104K, 14% used [0x0000000080000000,0x0000000080682da8,0x0000000082e00000)
 Metaspace       used 34275K, capacity 35426K, committed 35496K, reserved 1079296K
  class space    used 4720K, capacity 5006K, committed 5032K, reserved 1048576K
Event: 3.373 GC heap after
Heap after GC invocations=11 (full 2):
 PSYoungGen      total 140288K, used 0K [0x00000000d5580000, 0x00000000e2980000, 0x0000000100000000)
  eden space 129024K, 0% used [0x00000000d5580000,0x00000000d5580000,0x00000000dd380000)
  from space 11264K, 0% used [0x00000000dd380000,0x00000000dd380000,0x00000000dde80000)
  to   space 12800K, 0% used [0x00000000e1d00000,0x00000000e1d00000,0x00000000e2980000)
 ParOldGen       total 69120K, used 17412K [0x0000000080000000, 0x0000000084380000, 0x00000000d5580000)
  object space 69120K, 25% used [0x0000000080000000,0x0000000081101300,0x0000000084380000)
 Metaspace       used 34275K, capacity 35426K, committed 35496K, reserved 1079296K
  class space    used 4720K, capacity 5006K, committed 5032K, reserved 1048576K
}
Event: 4.143 GC heap before
{Heap before GC invocations=12 (full 2):
 PSYoungGen      total 140288K, used 129024K [0x00000000d5580000, 0x00000000e2980000, 0x0000000100000000)
  eden space 129024K, 100% used [0x00000000d5580000,0x00000000dd380000,0x00000000dd380000)
  from space 11264K, 0% used [0x00000000dd380000,0x00000000dd380000,0x00000000dde80000)
  to   space 12800K, 0% used [0x00000000e1d00000,0x00000000e1d00000,0x00000000e2980000)
 ParOldGen       total 69120K, used 17412K [0x0000000080000000, 0x0000000084380000, 0x00000000d5580000)
  object space 69120K, 25% used [0x0000000080000000,0x0000000081101300,0x0000000084380000)
 Metaspace       used 39532K, capacity 41422K, committed 41768K, reserved 1085440K
  class space    used 5462K, capacity 5831K, committed 5928K, reserved 1048576K
Event: 4.151 GC heap after
Heap after GC invocations=12 (full 2):
 PSYoungGen      total 188928K, used 10028K [0x00000000d5580000, 0x00000000e2700000, 0x0000000100000000)
  eden space 178688K, 0% used [0x00000000d5580000,0x00000000d5580000,0x00000000e0400000)
  from space 10240K, 97% used [0x00000000e1d00000,0x00000000e26cb0c8,0x00000000e2700000)
  to   space 13312K, 0% used [0x00000000e0d00000,0x00000000e0d00000,0x00000000e1a00000)
 ParOldGen       total 69120K, used 17420K [0x0000000080000000, 0x0000000084380000, 0x00000000d5580000)
  object space 69120K, 25% used [0x0000000080000000,0x0000000081103300,0x0000000084380000)
 Metaspace       used 39532K, capacity 41422K, committed 41768K, reserved 1085440K
  class space    used 5462K, capacity 5831K, committed 5928K, reserved 1048576K
}

