# JRE version: OpenJDK Runtime Environment (8.0_242-b01) (build 1.8.0_242-release-1644-b01)
# Java VM: OpenJDK 64-Bit Server VM (25.242-b01 mixed mode windows-amd64 compressed oops)
Heap:
 PSYoungGen      total 138240K, used 53251K [0x00000000d5580000, 0x00000000de180000, 0x0000000100000000)
  eden space 133120K, 40% used [0x00000000d5580000,0x00000000d8980ce8,0x00000000dd780000)
  from space 5120K, 0% used [0x00000000ddc80000,0x00000000ddc80000,0x00000000de180000)
  to   space 5120K, 0% used [0x00000000dd780000,0x00000000dd780000,0x00000000ddc80000)
 ParOldGen       total 58368K, used 41436K [0x0000000080000000, 0x0000000083900000, 0x00000000d5580000)
  object space 58368K, 70% used [0x0000000080000000,0x00000000828770a8,0x0000000083900000)
 Metaspace       used 60203K, capacity 62738K, committed 62872K, reserved 1103872K
  class space    used 8332K, capacity 8852K, committed 8880K, reserved 1048576K
GC Heap History (10 events):
Event: 5.741 GC heap before
{Heap before GC invocations=9 (full 2):
 PSYoungGen      total 138240K, used 5120K [0x00000000d5580000, 0x00000000de180000, 0x0000000100000000)
  eden space 133120K, 0% used [0x00000000d5580000,0x00000000d5580000,0x00000000dd780000)
  from space 5120K, 100% used [0x00000000dd780000,0x00000000ddc80000,0x00000000ddc80000)
  to   space 5120K, 0% used [0x00000000ddc80000,0x00000000ddc80000,0x00000000de180000)
 ParOldGen       total 58368K, used 20320K [0x0000000080000000, 0x0000000083900000, 0x00000000d5580000)
  object space 58368K, 34% used [0x0000000080000000,0x00000000813d8120,0x0000000083900000)
 Metaspace       used 34282K, capacity 35426K, committed 35496K, reserved 1079296K
  class space    used 4726K, capacity 5006K, committed 5040K, reserved 1048576K
Event: 5.819 GC heap after
Heap after GC invocations=9 (full 2):
 PSYoungGen      total 138240K, used 0K [0x00000000d5580000, 0x00000000de180000, 0x0000000100000000)
  eden space 133120K, 0% used [0x00000000d5580000,0x00000000d5580000,0x00000000dd780000)
  from space 5120K, 0% used [0x00000000dd780000,0x00000000dd780000,0x00000000ddc80000)
  to   space 5120K, 0% used [0x00000000ddc80000,0x00000000ddc80000,0x00000000de180000)
 ParOldGen       total 58368K, used 20481K [0x0000000080000000, 0x0000000083900000, 0x00000000d5580000)
  object space 58368K, 35% used [0x0000000080000000,0x0000000081400520,0x0000000083900000)
 Metaspace       used 34282K, capacity 35426K, committed 35496K, reserved 1079296K
  class space    used 4726K, capacity 5006K, committed 5040K, reserved 1048576K
}
Event: 10.834 GC heap before
{Heap before GC invocations=10 (full 2):
 PSYoungGen      total 138240K, used 133120K [0x00000000d5580000, 0x00000000de180000, 0x0000000100000000)
  eden space 133120K, 100% used [0x00000000d5580000,0x00000000dd780000,0x00000000dd780000)
  from space 5120K, 0% used [0x00000000dd780000,0x00000000dd780000,0x00000000ddc80000)
  to   space 5120K, 0% used [0x00000000ddc80000,0x00000000ddc80000,0x00000000de180000)
 ParOldGen       total 58368K, used 20481K [0x0000000080000000, 0x0000000083900000, 0x00000000d5580000)
  object space 58368K, 35% used [0x0000000080000000,0x0000000081400520,0x0000000083900000)
 Metaspace       used 39842K, capacity 41672K, committed 41768K, reserved 1085440K
  class space    used 5508K, capacity 5894K, committed 5936K, reserved 1048576K
Event: 10.842 GC heap after
Heap after GC invocations=10 (full 2):
 PSYoungGen      total 138240K, used 5088K [0x00000000d5580000, 0x00000000de180000, 0x0000000100000000)
  eden space 133120K, 0% used [0x00000000d5580000,0x00000000d5580000,0x00000000dd780000)
  from space 5120K, 99% used [0x00000000ddc80000,0x00000000de178030,0x00000000de180000)
  to   space 5120K, 0% used [0x00000000dd780000,0x00000000dd780000,0x00000000ddc80000)
 ParOldGen       total 58368K, used 25642K [0x0000000080000000, 0x0000000083900000, 0x00000000d5580000)
  object space 58368K, 43% used [0x0000000080000000,0x000000008190a928,0x0000000083900000)
 Metaspace       used 39842K, capacity 41672K, committed 41768K, reserved 1085440K
  class space    used 5508K, capacity 5894K, committed 5936K, reserved 1048576K
}
Event: 13.618 GC heap before
{Heap before GC invocations=11 (full 2):
 PSYoungGen      total 138240K, used 138208K [0x00000000d5580000, 0x00000000de180000, 0x0000000100000000)
  eden space 133120K, 100% used [0x00000000d5580000,0x00000000dd780000,0x00000000dd780000)
  from space 5120K, 99% used [0x00000000ddc80000,0x00000000de178030,0x00000000de180000)
  to   space 5120K, 0% used [0x00000000dd780000,0x00000000dd780000,0x00000000ddc80000)
 ParOldGen       total 58368K, used 25642K [0x0000000080000000, 0x0000000083900000, 0x00000000d5580000)
  object space 58368K, 43% used [0x0000000080000000,0x000000008190a928,0x0000000083900000)
 Metaspace       used 52006K, capacity 54146K, committed 54312K, reserved 1095680K
  class space    used 6968K, capacity 7427K, committed 7472K, reserved 1048576K
Event: 13.635 GC heap after
Heap after GC invocations=11 (full 2):
 PSYoungGen      total 138240K, used 5104K [0x00000000d5580000, 0x00000000de180000, 0x0000000100000000)
  eden space 133120K, 0% used [0x00000000d5580000,0x00000000d5580000,0x00000000dd780000)
  from space 5120K, 99% used [0x00000000dd780000,0x00000000ddc7c040,0x00000000ddc80000)
  to   space 5120K, 0% used [0x00000000ddc80000,0x00000000ddc80000,0x00000000de180000)
 ParOldGen       total 58368K, used 42474K [0x0000000080000000, 0x0000000083900000, 0x00000000d5580000)
  object space 58368K, 72% used [0x0000000080000000,0x000000008297aa98,0x0000000083900000)
 Metaspace       used 52006K, capacity 54146K, committed 54312K, reserved 1095680K
  class space    used 6968K, capacity 7427K, committed 7472K, reserved 1048576K
}
Event: 14.584 GC heap before
{Heap before GC invocations=12 (full 2):
 PSYoungGen      total 138240K, used 55656K [0x00000000d5580000, 0x00000000de180000, 0x0000000100000000)
  eden space 133120K, 37% used [0x00000000d5580000,0x00000000d86de300,0x00000000dd780000)
  from space 5120K, 99% used [0x00000000dd780000,0x00000000ddc7c040,0x00000000ddc80000)
  to   space 5120K, 0% used [0x00000000ddc80000,0x00000000ddc80000,0x00000000de180000)
 ParOldGen       total 58368K, used 42474K [0x0000000080000000, 0x0000000083900000, 0x00000000d5580000)
  object space 58368K, 72% used [0x0000000080000000,0x000000008297aa98,0x0000000083900000)
 Metaspace       used 56560K, capacity 59000K, committed 59160K, reserved 1099776K
  class space    used 7749K, capacity 8221K, committed 8240K, reserved 1048576K
Event: 14.598 GC heap after
Heap after GC invocations=12 (full 2):
 PSYoungGen      total 138240K, used 5120K [0x00000000d5580000, 0x00000000de180000, 0x0000000100000000)
  eden space 133120K, 0% used [0x00000000d5580000,0x00000000d5580000,0x00000000dd780000)
  from space 5120K, 100% used [0x00000000ddc80000,0x00000000de180000,0x00000000de180000)
  to   space 5120K, 0% used [0x00000000dd780000,0x00000000dd780000,0x00000000ddc80000)
 ParOldGen       total 58368K, used 48349K [0x0000000080000000, 0x0000000083900000, 0x00000000d5580000)
  object space 58368K, 82% used [0x0000000080000000,0x0000000082f37668,0x0000000083900000)
 Metaspace       used 56560K, capacity 59000K, committed 59160K, reserved 1099776K
  class space    used 7749K, capacity 8221K, committed 8240K, reserved 1048576K
}
Event: 14.598 GC heap before
{Heap before GC invocations=13 (full 3):
 PSYoungGen      total 138240K, used 5120K [0x00000000d5580000, 0x00000000de180000, 0x0000000100000000)
  eden space 133120K, 0% used [0x00000000d5580000,0x00000000d5580000,0x00000000dd780000)
  from space 5120K, 100% used [0x00000000ddc80000,0x00000000de180000,0x00000000de180000)
  to   space 5120K, 0% used [0x00000000dd780000,0x00000000dd780000,0x00000000ddc80000)
 ParOldGen       total 58368K, used 48349K [0x0000000080000000, 0x0000000083900000, 0x00000000d5580000)
  object space 58368K, 82% used [0x0000000080000000,0x0000000082f37668,0x0000000083900000)
 Metaspace       used 56560K, capacity 59000K, committed 59160K, reserved 1099776K
  class space    used 7749K, capacity 8221K, committed 8240K, reserved 1048576K
Event: 14.819 GC heap after
Heap after GC invocations=13 (full 3):
 PSYoungGen      total 138240K, used 0K [0x00000000d5580000, 0x00000000de180000, 0x0000000100000000)
  eden space 133120K, 0% used [0x00000000d5580000,0x00000000d5580000,0x00000000dd780000)
  from space 5120K, 0% used [0x00000000ddc80000,0x00000000ddc80000,0x00000000de180000)
  to   space 5120K, 0% used [0x00000000dd780000,0x00000000dd780000,0x00000000ddc80000)
 ParOldGen       total 58368K, used 41436K [0x0000000080000000, 0x0000000083900000, 0x00000000d5580000)
  object space 58368K, 70% used [0x0000000080000000,0x00000000828770a8,0x0000000083900000)
 Metaspace       used 56518K, capacity 58856K, committed 59160K, reserved 1099776K
  class space    used 7735K, capacity 8197K, committed 8240K, reserved 1048576K
}

