# JRE version: OpenJDK Runtime Environment (8.0_242-b01) (build 1.8.0_242-release-1644-b01)
# Java VM: OpenJDK 64-Bit Server VM (25.242-b01 mixed mode windows-amd64 compressed oops)
Heap:
 PSYoungGen      total 71680K, used 12570K [0x00000000d5580000, 0x00000000da080000, 0x0000000100000000)
  eden space 66560K, 11% used [0x00000000d5580000,0x00000000d5d21070,0x00000000d9680000)
  from space 5120K, 92% used [0x00000000d9680000,0x00000000d9b25a60,0x00000000d9b80000)
  to   space 5120K, 0% used [0x00000000d9b80000,0x00000000d9b80000,0x00000000da080000)
 ParOldGen       total 57856K, used 14703K [0x0000000080000000, 0x0000000083880000, 0x00000000d5580000)
  object space 57856K, 25% used [0x0000000080000000,0x0000000080e5bd50,0x0000000083880000)
 Metaspace       used 36455K, capacity 38060K, committed 38184K, reserved 1081344K
  class space    used 5017K, capacity 5331K, committed 5416K, reserved 1048576K
GC Heap History (10 events):
Event: 2.348 GC heap before
{Heap before GC invocations=6 (full 1):
 PSYoungGen      total 71680K, used 5088K [0x00000000d5580000, 0x00000000da080000, 0x0000000100000000)
  eden space 66560K, 0% used [0x00000000d5580000,0x00000000d5580000,0x00000000d9680000)
  from space 5120K, 99% used [0x00000000d9680000,0x00000000d9b78030,0x00000000d9b80000)
  to   space 5120K, 0% used [0x00000000d9b80000,0x00000000d9b80000,0x00000000da080000)
 ParOldGen       total 87552K, used 11130K [0x0000000080000000, 0x0000000085580000, 0x00000000d5580000)
  object space 87552K, 12% used [0x0000000080000000,0x0000000080adea60,0x0000000085580000)
 Metaspace       used 20569K, capacity 21236K, committed 21296K, reserved 1067008K
  class space    used 2877K, capacity 3080K, committed 3120K, reserved 1048576K
Event: 2.381 GC heap after
Heap after GC invocations=6 (full 1):
 PSYoungGen      total 71680K, used 0K [0x00000000d5580000, 0x00000000da080000, 0x0000000100000000)
  eden space 66560K, 0% used [0x00000000d5580000,0x00000000d5580000,0x00000000d9680000)
  from space 5120K, 0% used [0x00000000d9680000,0x00000000d9680000,0x00000000d9b80000)
  to   space 5120K, 0% used [0x00000000d9b80000,0x00000000d9b80000,0x00000000da080000)
 ParOldGen       total 57856K, used 6849K [0x0000000080000000, 0x0000000083880000, 0x00000000d5580000)
  object space 57856K, 11% used [0x0000000080000000,0x00000000806b0588,0x0000000083880000)
 Metaspace       used 20569K, capacity 21236K, committed 21296K, reserved 1067008K
  class space    used 2877K, capacity 3080K, committed 3120K, reserved 1048576K
}
Event: 2.899 GC heap before
{Heap before GC invocations=7 (full 1):
 PSYoungGen      total 71680K, used 66560K [0x00000000d5580000, 0x00000000da080000, 0x0000000100000000)
  eden space 66560K, 100% used [0x00000000d5580000,0x00000000d9680000,0x00000000d9680000)
  from space 5120K, 0% used [0x00000000d9680000,0x00000000d9680000,0x00000000d9b80000)
  to   space 5120K, 0% used [0x00000000d9b80000,0x00000000d9b80000,0x00000000da080000)
 ParOldGen       total 57856K, used 6849K [0x0000000080000000, 0x0000000083880000, 0x00000000d5580000)
  object space 57856K, 11% used [0x0000000080000000,0x00000000806b05a8,0x0000000083880000)
 Metaspace       used 28665K, capacity 29552K, committed 29872K, reserved 1075200K
  class space    used 3972K, capacity 4224K, committed 4272K, reserved 1048576K
Event: 2.905 GC heap after
Heap after GC invocations=7 (full 1):
 PSYoungGen      total 71680K, used 5094K [0x00000000d5580000, 0x00000000da080000, 0x0000000100000000)
  eden space 66560K, 0% used [0x00000000d5580000,0x00000000d5580000,0x00000000d9680000)
  from space 5120K, 99% used [0x00000000d9b80000,0x00000000da079848,0x00000000da080000)
  to   space 5120K, 0% used [0x00000000d9680000,0x00000000d9680000,0x00000000d9b80000)
 ParOldGen       total 57856K, used 10095K [0x0000000080000000, 0x0000000083880000, 0x00000000d5580000)
  object space 57856K, 17% used [0x0000000080000000,0x00000000809dbf38,0x0000000083880000)
 Metaspace       used 28665K, capacity 29552K, committed 29872K, reserved 1075200K
  class space    used 3972K, capacity 4224K, committed 4272K, reserved 1048576K
}
Event: 3.378 GC heap before
{Heap before GC invocations=8 (full 1):
 PSYoungGen      total 71680K, used 71654K [0x00000000d5580000, 0x00000000da080000, 0x0000000100000000)
  eden space 66560K, 100% used [0x00000000d5580000,0x00000000d9680000,0x00000000d9680000)
  from space 5120K, 99% used [0x00000000d9b80000,0x00000000da079848,0x00000000da080000)
  to   space 5120K, 0% used [0x00000000d9680000,0x00000000d9680000,0x00000000d9b80000)
 ParOldGen       total 57856K, used 10103K [0x0000000080000000, 0x0000000083880000, 0x00000000d5580000)
  object space 57856K, 17% used [0x0000000080000000,0x00000000809ddc88,0x0000000083880000)
 Metaspace       used 32910K, capacity 33992K, committed 34224K, reserved 1079296K
  class space    used 4493K, capacity 4729K, committed 4784K, reserved 1048576K
Event: 3.385 GC heap after
Heap after GC invocations=8 (full 1):
 PSYoungGen      total 71680K, used 5120K [0x00000000d5580000, 0x00000000da080000, 0x0000000100000000)
  eden space 66560K, 0% used [0x00000000d5580000,0x00000000d5580000,0x00000000d9680000)
  from space 5120K, 100% used [0x00000000d9680000,0x00000000d9b80000,0x00000000d9b80000)
  to   space 5120K, 0% used [0x00000000d9b80000,0x00000000d9b80000,0x00000000da080000)
 ParOldGen       total 57856K, used 14124K [0x0000000080000000, 0x0000000083880000, 0x00000000d5580000)
  object space 57856K, 24% used [0x0000000080000000,0x0000000080dcb078,0x0000000083880000)
 Metaspace       used 32910K, capacity 33992K, committed 34224K, reserved 1079296K
  class space    used 4493K, capacity 4729K, committed 4784K, reserved 1048576K
}
Event: 3.584 GC heap before
{Heap before GC invocations=9 (full 1):
 PSYoungGen      total 71680K, used 34154K [0x00000000d5580000, 0x00000000da080000, 0x0000000100000000)
  eden space 66560K, 43% used [0x00000000d5580000,0x00000000d71da850,0x00000000d9680000)
  from space 5120K, 100% used [0x00000000d9680000,0x00000000d9b80000,0x00000000d9b80000)
  to   space 5120K, 0% used [0x00000000d9b80000,0x00000000d9b80000,0x00000000da080000)
 ParOldGen       total 57856K, used 14124K [0x0000000080000000, 0x0000000083880000, 0x00000000d5580000)
  object space 57856K, 24% used [0x0000000080000000,0x0000000080dcb078,0x0000000083880000)
 Metaspace       used 34259K, capacity 35426K, committed 35496K, reserved 1079296K
  class space    used 4712K, capacity 5006K, committed 5032K, reserved 1048576K
Event: 3.591 GC heap after
Heap after GC invocations=9 (full 1):
 PSYoungGen      total 71680K, used 5120K [0x00000000d5580000, 0x00000000da080000, 0x0000000100000000)
  eden space 66560K, 0% used [0x00000000d5580000,0x00000000d5580000,0x00000000d9680000)
  from space 5120K, 100% used [0x00000000d9b80000,0x00000000da080000,0x00000000da080000)
  to   space 5120K, 0% used [0x00000000d9680000,0x00000000d9680000,0x00000000d9b80000)
 ParOldGen       total 57856K, used 16090K [0x0000000080000000, 0x0000000083880000, 0x00000000d5580000)
  object space 57856K, 27% used [0x0000000080000000,0x0000000080fb69c0,0x0000000083880000)
 Metaspace       used 34259K, capacity 35426K, committed 35496K, reserved 1079296K
  class space    used 4712K, capacity 5006K, committed 5032K, reserved 1048576K
}
Event: 3.591 GC heap before
{Heap before GC invocations=10 (full 2):
 PSYoungGen      total 71680K, used 5120K [0x00000000d5580000, 0x00000000da080000, 0x0000000100000000)
  eden space 66560K, 0% used [0x00000000d5580000,0x00000000d5580000,0x00000000d9680000)
  from space 5120K, 100% used [0x00000000d9b80000,0x00000000da080000,0x00000000da080000)
  to   space 5120K, 0% used [0x00000000d9680000,0x00000000d9680000,0x00000000d9b80000)
 ParOldGen       total 57856K, used 16090K [0x0000000080000000, 0x0000000083880000, 0x00000000d5580000)
  object space 57856K, 27% used [0x0000000080000000,0x0000000080fb69c0,0x0000000083880000)
 Metaspace       used 34259K, capacity 35426K, committed 35496K, reserved 1079296K
  class space    used 4712K, capacity 5006K, committed 5032K, reserved 1048576K
Event: 3.638 GC heap after
Heap after GC invocations=10 (full 2):
 PSYoungGen      total 71680K, used 0K [0x00000000d5580000, 0x00000000da080000, 0x0000000100000000)
  eden space 66560K, 0% used [0x00000000d5580000,0x00000000d5580000,0x00000000d9680000)
  from space 5120K, 0% used [0x00000000d9b80000,0x00000000d9b80000,0x00000000da080000)
  to   space 5120K, 0% used [0x00000000d9680000,0x00000000d9680000,0x00000000d9b80000)
 ParOldGen       total 57856K, used 14695K [0x0000000080000000, 0x0000000083880000, 0x00000000d5580000)
  object space 57856K, 25% used [0x0000000080000000,0x0000000080e59d50,0x0000000083880000)
 Metaspace       used 34259K, capacity 35426K, committed 35496K, reserved 1079296K
  class space    used 4712K, capacity 5006K, committed 5032K, reserved 1048576K
}

